{"message":"::ffff:172.21.0.1 - - [26/Feb/2019:20:19:57 +0000] \"GET /robots.txt HTTP/1.1\" 200 220 \"-\" \"Mozilla/5.0 (X11; Linux x86_64) AppleWebKit/537.36 (KHTML, like Gecko) Chrome/68.0.3440.106 Safari/537.36\"\n","level":"info"}
{"message":"::ffff:172.21.0.1 - - [26/Feb/2019:20:19:57 +0000] \"GET / HTTP/1.1\" 200 485 \"-\" \"Mozilla/5.0 (X11; Linux x86_64) AppleWebKit/537.36 (KHTML, like Gecko) Chrome/68.0.3440.106 Safari/537.36\"\n","level":"info"}
{"message":"::ffff:172.22.0.1 - - [26/Feb/2019:20:22:56 +0000] \"GET / HTTP/1.1\" 304 - \"-\" \"Mozilla/5.0 (X11; Linux x86_64) AppleWebKit/537.36 (KHTML, like Gecko) Chrome/68.0.3440.106 Safari/537.36\"\n","level":"info"}
{"message":"::ffff:172.22.0.1 - - [26/Feb/2019:20:23:55 +0000] \"GET /favicon.ico HTTP/1.1\" 200 220 \"http://localhost:1337/\" \"Mozilla/5.0 (X11; Linux x86_64) AppleWebKit/537.36 (KHTML, like Gecko) Chrome/68.0.3440.106 Safari/537.36\"\n","level":"info"}
{"message":"::ffff:172.23.0.1 - - [26/Feb/2019:20:28:22 +0000] \"GET / HTTP/1.1\" 304 - \"-\" \"Mozilla/5.0 (X11; Linux x86_64) AppleWebKit/537.36 (KHTML, like Gecko) Chrome/68.0.3440.106 Safari/537.36\"\n","level":"info"}
{"message":"::ffff:172.25.0.1 - - [26/Feb/2019:20:44:13 +0000] \"GET / HTTP/1.1\" 304 - \"-\" \"Mozilla/5.0 (X11; Linux x86_64) AppleWebKit/537.36 (KHTML, like Gecko) Chrome/68.0.3440.106 Safari/537.36\"\n","level":"info"}
{"message":"::ffff:172.25.0.1 - - [26/Feb/2019:20:44:23 +0000] \"GET /favicon.ico HTTP/1.1\" 304 - \"http://localhost:1337/\" \"Mozilla/5.0 (X11; Linux x86_64) AppleWebKit/537.36 (KHTML, like Gecko) Chrome/68.0.3440.106 Safari/537.36\"\n","level":"info"}
{"message":"::ffff:172.25.0.1 - - [26/Feb/2019:20:44:24 +0000] \"GET /favicon.ico HTTP/1.1\" 304 - \"http://localhost:1337/\" \"Mozilla/5.0 (X11; Linux x86_64) AppleWebKit/537.36 (KHTML, like Gecko) Chrome/68.0.3440.106 Safari/537.36\"\n","level":"info"}
{"message":"::ffff:172.28.0.3 - - [26/Feb/2019:21:16:37 +0000] \"GET / HTTP/1.0\" 200 485 \"-\" \"Mozilla/5.0 (X11; Linux x86_64) AppleWebKit/537.36 (KHTML, like Gecko) Chrome/68.0.3440.106 Safari/537.36\"\n","level":"info"}
{"message":"::1 - - [06/Mar/2019:22:43:20 +0000] \"GET /robots.txt HTTP/1.1\" 500 1247 \"-\" \"Mozilla/5.0 (X11; Linux x86_64) AppleWebKit/537.36 (KHTML, like Gecko) Chrome/68.0.3440.106 Safari/537.36\"\n","level":"info"}
{"message":"::1 - - [06/Mar/2019:22:43:20 +0000] \"GET / HTTP/1.1\" 500 1247 \"-\" \"Mozilla/5.0 (X11; Linux x86_64) AppleWebKit/537.36 (KHTML, like Gecko) Chrome/68.0.3440.106 Safari/537.36\"\n","level":"info"}
{"message":"::1 - - [06/Mar/2019:22:43:20 +0000] \"GET /favicon.ico HTTP/1.1\" 500 1247 \"http://localhost:1337/\" \"Mozilla/5.0 (X11; Linux x86_64) AppleWebKit/537.36 (KHTML, like Gecko) Chrome/68.0.3440.106 Safari/537.36\"\n","level":"info"}
{"message":"::1 - - [06/Mar/2019:22:44:11 +0000] \"GET / HTTP/1.1\" 500 1247 \"-\" \"Mozilla/5.0 (X11; Linux x86_64) AppleWebKit/537.36 (KHTML, like Gecko) Chrome/68.0.3440.106 Safari/537.36\"\n","level":"info"}
{"message":"::1 - - [06/Mar/2019:22:44:11 +0000] \"GET /favicon.ico HTTP/1.1\" 500 1247 \"http://localhost:1337/\" \"Mozilla/5.0 (X11; Linux x86_64) AppleWebKit/537.36 (KHTML, like Gecko) Chrome/68.0.3440.106 Safari/537.36\"\n","level":"info"}
{"message":"::1 - - [06/Mar/2019:22:45:00 +0000] \"GET / HTTP/1.1\" 500 1247 \"-\" \"Mozilla/5.0 (X11; Linux x86_64) AppleWebKit/537.36 (KHTML, like Gecko) Chrome/68.0.3440.106 Safari/537.36\"\n","level":"info"}
{"message":"::1 - - [06/Mar/2019:22:45:01 +0000] \"GET /favicon.ico HTTP/1.1\" 500 1247 \"http://localhost:1337/\" \"Mozilla/5.0 (X11; Linux x86_64) AppleWebKit/537.36 (KHTML, like Gecko) Chrome/68.0.3440.106 Safari/537.36\"\n","level":"info"}
{"message":"::1 - - [06/Mar/2019:22:45:05 +0000] \"GET / HTTP/1.1\" 500 1247 \"-\" \"Mozilla/5.0 (X11; Linux x86_64) AppleWebKit/537.36 (KHTML, like Gecko) Chrome/68.0.3440.106 Safari/537.36\"\n","level":"info"}
{"message":"::1 - - [06/Mar/2019:22:45:05 +0000] \"GET /favicon.ico HTTP/1.1\" 500 1247 \"http://localhost:1337/\" \"Mozilla/5.0 (X11; Linux x86_64) AppleWebKit/537.36 (KHTML, like Gecko) Chrome/68.0.3440.106 Safari/537.36\"\n","level":"info"}
{"message":"::1 - - [06/Mar/2019:22:45:56 +0000] \"GET / HTTP/1.1\" 500 1247 \"-\" \"Mozilla/5.0 (X11; Linux x86_64) AppleWebKit/537.36 (KHTML, like Gecko) Chrome/68.0.3440.106 Safari/537.36\"\n","level":"info"}
{"message":"::1 - - [06/Mar/2019:22:45:56 +0000] \"GET /favicon.ico HTTP/1.1\" 500 1247 \"http://localhost:1337/\" \"Mozilla/5.0 (X11; Linux x86_64) AppleWebKit/537.36 (KHTML, like Gecko) Chrome/68.0.3440.106 Safari/537.36\"\n","level":"info"}
{"message":"::1 - - [06/Mar/2019:22:47:29 +0000] \"GET / HTTP/1.1\" 500 1247 \"-\" \"Mozilla/5.0 (X11; Linux x86_64) AppleWebKit/537.36 (KHTML, like Gecko) Chrome/68.0.3440.106 Safari/537.36\"\n","level":"info"}
{"message":"::1 - - [06/Mar/2019:22:47:29 +0000] \"GET /favicon.ico HTTP/1.1\" 500 1247 \"http://localhost:1337/\" \"Mozilla/5.0 (X11; Linux x86_64) AppleWebKit/537.36 (KHTML, like Gecko) Chrome/68.0.3440.106 Safari/537.36\"\n","level":"info"}
{"message":"::1 - - [06/Mar/2019:22:47:35 +0000] \"GET / HTTP/1.1\" 500 1247 \"-\" \"Mozilla/5.0 (X11; Linux x86_64) AppleWebKit/537.36 (KHTML, like Gecko) Chrome/68.0.3440.106 Safari/537.36\"\n","level":"info"}
{"message":"::1 - - [06/Mar/2019:22:47:35 +0000] \"GET /favicon.ico HTTP/1.1\" 500 1247 \"http://localhost:1337/\" \"Mozilla/5.0 (X11; Linux x86_64) AppleWebKit/537.36 (KHTML, like Gecko) Chrome/68.0.3440.106 Safari/537.36\"\n","level":"info"}
{"message":"::1 - - [06/Mar/2019:22:59:29 +0000] \"GET / HTTP/1.1\" 500 1378 \"-\" \"Mozilla/5.0 (X11; Linux x86_64) AppleWebKit/537.36 (KHTML, like Gecko) Chrome/68.0.3440.106 Safari/537.36\"\n","level":"info"}
{"message":"::1 - - [06/Mar/2019:22:59:29 +0000] \"GET /favicon.ico HTTP/1.1\" 500 1378 \"http://localhost:1337/\" \"Mozilla/5.0 (X11; Linux x86_64) AppleWebKit/537.36 (KHTML, like Gecko) Chrome/68.0.3440.106 Safari/537.36\"\n","level":"info"}
{"message":"::1 - - [06/Mar/2019:23:35:42 +0000] \"GET / HTTP/1.1\" 500 1378 \"-\" \"Mozilla/5.0 (X11; Linux x86_64) AppleWebKit/537.36 (KHTML, like Gecko) Chrome/68.0.3440.106 Safari/537.36\"\n","level":"info"}
{"message":"::1 - - [06/Mar/2019:23:35:42 +0000] \"GET /favicon.ico HTTP/1.1\" 500 1378 \"http://localhost:1337/\" \"Mozilla/5.0 (X11; Linux x86_64) AppleWebKit/537.36 (KHTML, like Gecko) Chrome/68.0.3440.106 Safari/537.36\"\n","level":"info"}
{"message":"::1 - - [06/Mar/2019:23:36:41 +0000] \"GET / HTTP/1.1\" 500 1158 \"-\" \"Mozilla/5.0 (X11; Linux x86_64) AppleWebKit/537.36 (KHTML, like Gecko) Chrome/68.0.3440.106 Safari/537.36\"\n","level":"info"}
{"message":"::1 - - [06/Mar/2019:23:36:41 +0000] \"GET /favicon.ico HTTP/1.1\" 500 1158 \"http://localhost:1337/\" \"Mozilla/5.0 (X11; Linux x86_64) AppleWebKit/537.36 (KHTML, like Gecko) Chrome/68.0.3440.106 Safari/537.36\"\n","level":"info"}
{"message":"::1 - - [06/Mar/2019:23:39:27 +0000] \"GET / HTTP/1.1\" 500 1356 \"-\" \"Mozilla/5.0 (X11; Linux x86_64) AppleWebKit/537.36 (KHTML, like Gecko) Chrome/68.0.3440.106 Safari/537.36\"\n","level":"info"}
{"message":"::1 - - [06/Mar/2019:23:39:27 +0000] \"GET /favicon.ico HTTP/1.1\" 500 1356 \"http://localhost:1337/\" \"Mozilla/5.0 (X11; Linux x86_64) AppleWebKit/537.36 (KHTML, like Gecko) Chrome/68.0.3440.106 Safari/537.36\"\n","level":"info"}
{"message":"::1 - - [06/Mar/2019:23:40:07 +0000] \"GET / HTTP/1.1\" 500 1356 \"-\" \"Mozilla/5.0 (X11; Linux x86_64) AppleWebKit/537.36 (KHTML, like Gecko) Chrome/68.0.3440.106 Safari/537.36\"\n","level":"info"}
{"message":"::1 - - [06/Mar/2019:23:40:07 +0000] \"GET /favicon.ico HTTP/1.1\" 500 1356 \"http://localhost:1337/\" \"Mozilla/5.0 (X11; Linux x86_64) AppleWebKit/537.36 (KHTML, like Gecko) Chrome/68.0.3440.106 Safari/537.36\"\n","level":"info"}
{"message":"::1 - - [06/Mar/2019:23:40:15 +0000] \"GET / HTTP/1.1\" 500 1356 \"-\" \"Mozilla/5.0 (X11; Linux x86_64) AppleWebKit/537.36 (KHTML, like Gecko) Chrome/68.0.3440.106 Safari/537.36\"\n","level":"info"}
{"message":"::1 - - [06/Mar/2019:23:40:15 +0000] \"GET /favicon.ico HTTP/1.1\" 500 1356 \"http://localhost:1337/\" \"Mozilla/5.0 (X11; Linux x86_64) AppleWebKit/537.36 (KHTML, like Gecko) Chrome/68.0.3440.106 Safari/537.36\"\n","level":"info"}
{"message":"::1 - - [06/Mar/2019:23:40:35 +0000] \"GET / HTTP/1.1\" 500 1365 \"-\" \"Mozilla/5.0 (X11; Linux x86_64) AppleWebKit/537.36 (KHTML, like Gecko) Chrome/68.0.3440.106 Safari/537.36\"\n","level":"info"}
{"message":"::1 - - [06/Mar/2019:23:40:35 +0000] \"GET /favicon.ico HTTP/1.1\" 500 1365 \"http://localhost:1337/\" \"Mozilla/5.0 (X11; Linux x86_64) AppleWebKit/537.36 (KHTML, like Gecko) Chrome/68.0.3440.106 Safari/537.36\"\n","level":"info"}
{"message":"::1 - - [06/Mar/2019:23:42:09 +0000] \"GET / HTTP/1.1\" 500 1365 \"-\" \"Mozilla/5.0 (X11; Linux x86_64) AppleWebKit/537.36 (KHTML, like Gecko) Chrome/68.0.3440.106 Safari/537.36\"\n","level":"info"}
{"message":"::1 - - [06/Mar/2019:23:42:09 +0000] \"GET /favicon.ico HTTP/1.1\" 500 1365 \"http://localhost:1337/\" \"Mozilla/5.0 (X11; Linux x86_64) AppleWebKit/537.36 (KHTML, like Gecko) Chrome/68.0.3440.106 Safari/537.36\"\n","level":"info"}
{"message":"::1 - - [06/Mar/2019:23:42:17 +0000] \"GET / HTTP/1.1\" 500 1365 \"-\" \"Mozilla/5.0 (X11; Linux x86_64) AppleWebKit/537.36 (KHTML, like Gecko) Chrome/68.0.3440.106 Safari/537.36\"\n","level":"info"}
{"message":"::1 - - [06/Mar/2019:23:42:17 +0000] \"GET /favicon.ico HTTP/1.1\" 500 1365 \"http://localhost:1337/\" \"Mozilla/5.0 (X11; Linux x86_64) AppleWebKit/537.36 (KHTML, like Gecko) Chrome/68.0.3440.106 Safari/537.36\"\n","level":"info"}
{"message":"::1 - - [06/Mar/2019:23:42:49 +0000] \"GET / HTTP/1.1\" 500 1365 \"-\" \"Mozilla/5.0 (X11; Linux x86_64) AppleWebKit/537.36 (KHTML, like Gecko) Chrome/68.0.3440.106 Safari/537.36\"\n","level":"info"}
{"message":"::1 - - [06/Mar/2019:23:42:49 +0000] \"GET /favicon.ico HTTP/1.1\" 500 1365 \"http://localhost:1337/\" \"Mozilla/5.0 (X11; Linux x86_64) AppleWebKit/537.36 (KHTML, like Gecko) Chrome/68.0.3440.106 Safari/537.36\"\n","level":"info"}
{"message":"::1 - - [06/Mar/2019:23:44:04 +0000] \"GET / HTTP/1.1\" 200 485 \"-\" \"Mozilla/5.0 (X11; Linux x86_64) AppleWebKit/537.36 (KHTML, like Gecko) Chrome/68.0.3440.106 Safari/537.36\"\n","level":"info"}
{"message":"::1 - - [06/Mar/2019:23:44:04 +0000] \"GET /favicon.ico HTTP/1.1\" 200 220 \"http://localhost:1337/\" \"Mozilla/5.0 (X11; Linux x86_64) AppleWebKit/537.36 (KHTML, like Gecko) Chrome/68.0.3440.106 Safari/537.36\"\n","level":"info"}
{"message":"::1 - - [13/Mar/2019:07:58:23 +0000] \"GET /robots.txt HTTP/1.1\" 500 1398 \"-\" \"Mozilla/5.0 (Windows NT 10.0; Win64; x64) AppleWebKit/537.36 (KHTML, like Gecko) Chrome/72.0.3626.121 Safari/537.36\"\n","level":"info"}
{"message":"::1 - - [13/Mar/2019:07:58:23 +0000] \"GET / HTTP/1.1\" 500 1398 \"-\" \"Mozilla/5.0 (Windows NT 10.0; Win64; x64) AppleWebKit/537.36 (KHTML, like Gecko) Chrome/72.0.3626.121 Safari/537.36\"\n","level":"info"}
{"message":"::1 - - [13/Mar/2019:07:58:24 +0000] \"GET /favicon.ico HTTP/1.1\" 500 1398 \"http://localhost:1337/\" \"Mozilla/5.0 (Windows NT 10.0; Win64; x64) AppleWebKit/537.36 (KHTML, like Gecko) Chrome/72.0.3626.121 Safari/537.36\"\n","level":"info"}
{"message":"::1 - - [13/Mar/2019:08:07:49 +0000] \"GET / HTTP/1.1\" 500 1398 \"-\" \"Mozilla/5.0 (Windows NT 10.0; Win64; x64) AppleWebKit/537.36 (KHTML, like Gecko) Chrome/72.0.3626.121 Safari/537.36\"\n","level":"info"}
{"message":"::1 - - [13/Mar/2019:08:07:50 +0000] \"GET /favicon.ico HTTP/1.1\" 500 1398 \"http://localhost:1337/\" \"Mozilla/5.0 (Windows NT 10.0; Win64; x64) AppleWebKit/537.36 (KHTML, like Gecko) Chrome/72.0.3626.121 Safari/537.36\"\n","level":"info"}
{"message":"::1 - - [13/Mar/2019:08:20:45 +0000] \"GET / HTTP/1.1\" 500 1382 \"-\" \"Mozilla/5.0 (Windows NT 10.0; Win64; x64) AppleWebKit/537.36 (KHTML, like Gecko) Chrome/72.0.3626.121 Safari/537.36\"\n","level":"info"}
{"message":"::1 - - [13/Mar/2019:08:20:45 +0000] \"GET /favicon.ico HTTP/1.1\" 500 1382 \"http://localhost:1337/\" \"Mozilla/5.0 (Windows NT 10.0; Win64; x64) AppleWebKit/537.36 (KHTML, like Gecko) Chrome/72.0.3626.121 Safari/537.36\"\n","level":"info"}
{"message":"::1 - - [13/Mar/2019:08:22:05 +0000] \"GET / HTTP/1.1\" 500 1491 \"-\" \"Mozilla/5.0 (Windows NT 10.0; Win64; x64) AppleWebKit/537.36 (KHTML, like Gecko) Chrome/72.0.3626.121 Safari/537.36\"\n","level":"info"}
{"message":"::1 - - [13/Mar/2019:08:22:05 +0000] \"GET /favicon.ico HTTP/1.1\" 500 1491 \"http://localhost:1337/\" \"Mozilla/5.0 (Windows NT 10.0; Win64; x64) AppleWebKit/537.36 (KHTML, like Gecko) Chrome/72.0.3626.121 Safari/537.36\"\n","level":"info"}
{"message":"::1 - - [13/Mar/2019:08:24:12 +0000] \"GET / HTTP/1.1\" 200 485 \"-\" \"Mozilla/5.0 (Windows NT 10.0; Win64; x64) AppleWebKit/537.36 (KHTML, like Gecko) Chrome/72.0.3626.121 Safari/537.36\"\n","level":"info"}
{"message":"::1 - - [13/Mar/2019:08:24:13 +0000] \"GET /favicon.ico HTTP/1.1\" 200 220 \"http://localhost:1337/\" \"Mozilla/5.0 (Windows NT 10.0; Win64; x64) AppleWebKit/537.36 (KHTML, like Gecko) Chrome/72.0.3626.121 Safari/537.36\"\n","level":"info"}
{"message":"::1 - - [13/Mar/2019:10:10:49 +0000] \"GET / HTTP/1.1\" 200 479 \"-\" \"Mozilla/5.0 (Windows NT 10.0; Win64; x64) AppleWebKit/537.36 (KHTML, like Gecko) Chrome/72.0.3626.121 Safari/537.36\"\n","level":"info"}
{"message":"::1 - - [13/Mar/2019:10:10:49 +0000] \"GET /favicon.ico HTTP/1.1\" 200 214 \"http://localhost:1337/\" \"Mozilla/5.0 (Windows NT 10.0; Win64; x64) AppleWebKit/537.36 (KHTML, like Gecko) Chrome/72.0.3626.121 Safari/537.36\"\n","level":"info"}
{"message":"::1 - - [13/Mar/2019:10:15:21 +0000] \"GET / HTTP/1.1\" 200 479 \"-\" \"Mozilla/5.0 (Windows NT 10.0; Win64; x64) AppleWebKit/537.36 (KHTML, like Gecko) Chrome/72.0.3626.121 Safari/537.36\"\n","level":"info"}
{"message":"::1 - - [13/Mar/2019:10:15:22 +0000] \"GET /favicon.ico HTTP/1.1\" 200 214 \"http://localhost:1337/\" \"Mozilla/5.0 (Windows NT 10.0; Win64; x64) AppleWebKit/537.36 (KHTML, like Gecko) Chrome/72.0.3626.121 Safari/537.36\"\n","level":"info"}
